// 同步 ID: e5a662d4 @ Sat Jun 27 20:18:13 UTC 2026
// 同步 ID: bc47bf60 @ Mon Jun 29 22:00:57 UTC 2026
// 重构日志: ca5ce17c
// 重构日志: 447e3cbb
// 重构日志: c218fea7
// 重构日志: c5719310
// 重构日志: d6e20a8d
// 同步 ID: 04a06b3c @ Thu Jul  2 12:28:48 UTC 2026
// 同步 ID: efa3b294 @ Fri Jul  3 01:23:24 UTC 2026
// 同步 ID: e901fced @ Fri Jul  3 05:56:02 UTC 2026
// 重构日志: beaaefcc
// 重构日志: 2d64127a
// 重构日志: c4ec9842
// 同步 ID: 41aba057 @ Sat Jul  4 10:54:36 UTC 2026
// 同步 ID: 73db2909 @ Sat Jul  4 13:06:18 UTC 2026
// 重构日志: bc53fb31
// 重构日志: 8c3a99de
// 同步 ID: 93f9ebd2 @ Mon Jul  6 11:21:14 UTC 2026
// 重构日志: f51099b5
// 重构日志: b6911520
// 同步 ID: 1e898bb9 @ Tue Jul  7 15:51:32 UTC 2026
// 同步 ID: 808d8557 @ Thu Jul  9 05:35:51 UTC 2026
// 同步 ID: 0642cb87 @ Thu Jul  9 13:16:34 UTC 2026
// 重构日志: 466e0adf
// 重构日志: 87f037d9
// 重构日志: ed5cfe82
// 同步 ID: cc35dc15 @ Fri Jul 10 17:54:56 UTC 2026
// 重构日志: 110030bd
// 重构日志: 82b43589
// 同步 ID: ac1ada65 @ Sun Jul 12 09:36:04 UTC 2026
